Arguments: 
  C:\Program Files\nodejs\node.exe F:\Program Files\nodejs\node_global\node_modules\yarn\bin\yarn.js add yeman-generator

PATH: 
  C:\Program Files (x86)\Common Files\Oracle\Java\javapath;C:\WINDOWS\system32;C:\WINDOWS;C:\WINDOWS\System32\Wbem;C:\WINDOWS\System32\WindowsPowerShell\v1.0\;C:\Program Files\Git\cmd;C:\WINDOWS\System32\OpenSSH\;C:\Program Files (x86)\NVIDIA Corporation\PhysX\Common;C:\Program Files\nodejs\;F:\Program Files\nodejs\node_global;F:\Program Files\nodejs\node_global\bin;C:\Users\QQK\AppData\Local\atom\bin;C:\Users\QQK\AppData\Local\Microsoft\WindowsApps;C:\Users\QQK\AppData\Local\BypassRuntm;C:\Users\QQK\AppData\Local\Programs\Microsoft VS Code\bin;C:\Program Files\JetBrains\WebStorm 2020.1\bin;;C:\Users\QQK\AppData\Roaming\npm;F:\Program Files\nodejs\node_global;F:\Program Files\nodejs\node_global\bin;

Yarn version: 
  1.22.4

Node version: 
  12.17.0

Platform: 
  win32 x64

Trace: 
  Error: https://registry.npm.taobao.org/yeman-generator: Not found
      at Request.params.callback [as _callback] (F:\Program Files\nodejs\node_global\node_modules\yarn\lib\cli.js:66987:18)
      at Request.self.callback (F:\Program Files\nodejs\node_global\node_modules\yarn\lib\cli.js:140748:22)
      at Request.emit (events.js:315:20)
      at Request.<anonymous> (F:\Program Files\nodejs\node_global\node_modules\yarn\lib\cli.js:141720:10)
      at Request.emit (events.js:315:20)
      at IncomingMessage.<anonymous> (F:\Program Files\nodejs\node_global\node_modules\yarn\lib\cli.js:141642:12)
      at Object.onceWrapper (events.js:421:28)
      at IncomingMessage.emit (events.js:327:22)
      at endReadableNT (_stream_readable.js:1221:12)
      at processTicksAndRejections (internal/process/task_queues.js:84:21)

npm manifest: 
  {
    "name": "generator-sample",
    "version": "1.0.0",
    "main": "index.js",
    "license": "MIT"
  }

yarn manifest: 
  No manifest

Lockfile: 
  No lockfile
