Arguments: 
  C:\Program Files\nodejs\node.exe F:\Program Files\nodejs\node_global\node_modules\yarn\bin\yarn.js link

PATH: 
  C:\Program Files (x86)\Common Files\Oracle\Java\javapath;C:\WINDOWS\system32;C:\WINDOWS;C:\WINDOWS\System32\Wbem;C:\WINDOWS\System32\WindowsPowerShell\v1.0\;C:\Program Files\Git\cmd;C:\WINDOWS\System32\OpenSSH\;C:\Program Files (x86)\NVIDIA Corporation\PhysX\Common;C:\Program Files\nodejs\;F:\Program Files\nodejs\node_global;F:\Program Files\nodejs\node_global\bin;C:\Users\QQK\AppData\Local\atom\bin;C:\Users\QQK\AppData\Local\Microsoft\WindowsApps;C:\Users\QQK\AppData\Local\BypassRuntm;C:\Users\QQK\AppData\Local\Programs\Microsoft VS Code\bin;C:\Program Files\JetBrains\WebStorm 2020.1\bin;;C:\Users\QQK\AppData\Roaming\npm;F:\Program Files\nodejs\node_global;F:\Program Files\nodejs\node_global\bin;

Yarn version: 
  1.22.4

Node version: 
  12.17.0

Platform: 
  win32 x64

Trace: 
  Error: ENOENT: no such file or directory, stat 'C:\Users\QQK\AppData\Local\Yarn\Data\link\sample-scaffolding\cli.js'

npm manifest: 
  {
    "name": "sample-scaffolding",
    "version": "1.0.0",
    "description": "",
    "main": "index.js",
    "bin": "cli.js",
    "scripts": {
      "test": "echo \"Error: no test specified\" && exit 1"
    },
    "author": "",
    "license": "ISC"
  }

yarn manifest: 
  No manifest

Lockfile: 
  No lockfile
